<?xml version="1.0" encoding="UTF-8"?>
<testng-results ignored="0" total="1" passed="1" failed="0" skipped="0">
  <reporter-output>
  </reporter-output>
  <suite started-at="2026-07-08T23:56:34 PKT" name="Default suite" finished-at="2026-07-08T23:56:51 PKT" duration-ms="16100">
    <groups>
    </groups>
    <test started-at="2026-07-08T23:56:34 PKT" name="Default test" finished-at="2026-07-08T23:56:51 PKT" duration-ms="16100">
      <class name="Website.ECommerce.Tests.TestRun">
        <test-method is-config="true" signature="LaunchApplication()[pri:0, instance:Website.ECommerce.Tests.TestRun@47eaca72]" started-at="2026-07-08T23:56:34 PKT" name="LaunchApplication" finished-at="2026-07-08T23:56:39 PKT" duration-ms="4157" status="PASS">
          <reporter-output>
          </reporter-output>
        </test-method> <!-- LaunchApplication -->
        <test-method signature="SubmitOrder()[pri:0, instance:Website.ECommerce.Tests.TestRun@47eaca72]" started-at="2026-07-08T23:56:39 PKT" name="SubmitOrder" finished-at="2026-07-08T23:56:50 PKT" duration-ms="11740" status="PASS">
          <reporter-output>
          </reporter-output>
        </test-method> <!-- SubmitOrder -->
        <test-method is-config="true" signature="TearDown()[pri:0, instance:Website.ECommerce.Tests.TestRun@47eaca72]" started-at="2026-07-08T23:56:50 PKT" name="TearDown" finished-at="2026-07-08T23:56:51 PKT" duration-ms="152" status="PASS">
          <reporter-output>
          </reporter-output>
        </test-method> <!-- TearDown -->
      </class> <!-- Website.ECommerce.Tests.TestRun -->
    </test> <!-- Default test -->
  </suite> <!-- Default suite -->
</testng-results>
