<?xml version="1.0" encoding="UTF-8"?>
<testng-results ignored="0" total="6" passed="6" failed="0" skipped="0">
  <reporter-output>
  </reporter-output>
  <suite started-at="2026-07-23T01:28:28 PKT" name="Suite" finished-at="2026-07-23T01:29:04 PKT" duration-ms="35894">
    <groups>
    </groups>
    <test started-at="2026-07-23T01:28:28 PKT" name="Login Regression" finished-at="2026-07-23T01:29:04 PKT" duration-ms="35894">
      <class name="Website.ECommerce.Tests.LoginTests">
        <test-method is-config="true" signature="LaunchApplication()[pri:0, instance:Website.ECommerce.Tests.LoginTests@36804139]" started-at="2026-07-23T01:28:28 PKT" name="LaunchApplication" finished-at="2026-07-23T01:28:33 PKT" duration-ms="4908" status="PASS">
          <reporter-output>
          </reporter-output>
        </test-method> <!-- LaunchApplication -->
        <test-method signature="TC001_loginWithInCorrectEmail()[pri:0, instance:Website.ECommerce.Tests.LoginTests@36804139]" started-at="2026-07-23T01:28:33 PKT" name="TC001_loginWithInCorrectEmail" finished-at="2026-07-23T01:28:34 PKT" duration-ms="970" status="PASS">
          <reporter-output>
          </reporter-output>
        </test-method> <!-- TC001_loginWithInCorrectEmail -->
        <test-method is-config="true" signature="TearDown()[pri:0, instance:Website.ECommerce.Tests.LoginTests@36804139]" started-at="2026-07-23T01:28:34 PKT" name="TearDown" finished-at="2026-07-23T01:28:34 PKT" duration-ms="378" status="PASS">
          <reporter-output>
          </reporter-output>
        </test-method> <!-- TearDown -->
        <test-method is-config="true" signature="LaunchApplication()[pri:0, instance:Website.ECommerce.Tests.LoginTests@36804139]" started-at="2026-07-23T01:28:34 PKT" name="LaunchApplication" finished-at="2026-07-23T01:28:39 PKT" duration-ms="4271" status="PASS">
          <reporter-output>
          </reporter-output>
        </test-method> <!-- LaunchApplication -->
        <test-method signature="TC002_loginWithInCorrectPassword()[pri:0, instance:Website.ECommerce.Tests.LoginTests@36804139]" started-at="2026-07-23T01:28:39 PKT" name="TC002_loginWithInCorrectPassword" finished-at="2026-07-23T01:28:40 PKT" duration-ms="872" status="PASS">
          <reporter-output>
          </reporter-output>
        </test-method> <!-- TC002_loginWithInCorrectPassword -->
        <test-method is-config="true" signature="TearDown()[pri:0, instance:Website.ECommerce.Tests.LoginTests@36804139]" started-at="2026-07-23T01:28:40 PKT" name="TearDown" finished-at="2026-07-23T01:28:40 PKT" duration-ms="295" status="PASS">
          <reporter-output>
          </reporter-output>
        </test-method> <!-- TearDown -->
        <test-method is-config="true" signature="LaunchApplication()[pri:0, instance:Website.ECommerce.Tests.LoginTests@36804139]" started-at="2026-07-23T01:28:40 PKT" name="LaunchApplication" finished-at="2026-07-23T01:28:44 PKT" duration-ms="4219" status="PASS">
          <reporter-output>
          </reporter-output>
        </test-method> <!-- LaunchApplication -->
        <test-method signature="TC003_invalidCredentialsTest()[pri:0, instance:Website.ECommerce.Tests.LoginTests@36804139]" started-at="2026-07-23T01:28:44 PKT" name="TC003_invalidCredentialsTest" finished-at="2026-07-23T01:28:45 PKT" duration-ms="1002" status="PASS">
          <reporter-output>
          </reporter-output>
        </test-method> <!-- TC003_invalidCredentialsTest -->
        <test-method is-config="true" signature="TearDown()[pri:0, instance:Website.ECommerce.Tests.LoginTests@36804139]" started-at="2026-07-23T01:28:45 PKT" name="TearDown" finished-at="2026-07-23T01:28:45 PKT" duration-ms="299" status="PASS">
          <reporter-output>
          </reporter-output>
        </test-method> <!-- TearDown -->
        <test-method is-config="true" signature="LaunchApplication()[pri:0, instance:Website.ECommerce.Tests.LoginTests@36804139]" started-at="2026-07-23T01:28:45 PKT" name="LaunchApplication" finished-at="2026-07-23T01:28:51 PKT" duration-ms="5205" status="PASS">
          <reporter-output>
          </reporter-output>
        </test-method> <!-- LaunchApplication -->
        <test-method signature="TC005_emptyPasswordTest()[pri:0, instance:Website.ECommerce.Tests.LoginTests@36804139]" started-at="2026-07-23T01:28:51 PKT" name="TC005_emptyPasswordTest" finished-at="2026-07-23T01:28:51 PKT" duration-ms="548" status="PASS">
          <reporter-output>
          </reporter-output>
        </test-method> <!-- TC005_emptyPasswordTest -->
        <test-method is-config="true" signature="TearDown()[pri:0, instance:Website.ECommerce.Tests.LoginTests@36804139]" started-at="2026-07-23T01:28:51 PKT" name="TearDown" finished-at="2026-07-23T01:28:51 PKT" duration-ms="274" status="PASS">
          <reporter-output>
          </reporter-output>
        </test-method> <!-- TearDown -->
        <test-method is-config="true" signature="LaunchApplication()[pri:0, instance:Website.ECommerce.Tests.LoginTests@36804139]" started-at="2026-07-23T01:28:51 PKT" name="LaunchApplication" finished-at="2026-07-23T01:28:58 PKT" duration-ms="6623" status="PASS">
          <reporter-output>
          </reporter-output>
        </test-method> <!-- LaunchApplication -->
        <test-method signature="TC006_emptyFieldsTest()[pri:0, instance:Website.ECommerce.Tests.LoginTests@36804139]" started-at="2026-07-23T01:28:58 PKT" name="TC006_emptyFieldsTest" finished-at="2026-07-23T01:28:59 PKT" duration-ms="588" status="PASS">
          <reporter-output>
          </reporter-output>
        </test-method> <!-- TC006_emptyFieldsTest -->
        <test-method is-config="true" signature="TearDown()[pri:0, instance:Website.ECommerce.Tests.LoginTests@36804139]" started-at="2026-07-23T01:28:59 PKT" name="TearDown" finished-at="2026-07-23T01:28:59 PKT" duration-ms="283" status="PASS">
          <reporter-output>
          </reporter-output>
        </test-method> <!-- TearDown -->
        <test-method is-config="true" signature="LaunchApplication()[pri:0, instance:Website.ECommerce.Tests.LoginTests@36804139]" started-at="2026-07-23T01:28:59 PKT" name="LaunchApplication" finished-at="2026-07-23T01:29:03 PKT" duration-ms="4166" status="PASS">
          <reporter-output>
          </reporter-output>
        </test-method> <!-- LaunchApplication -->
        <test-method signature="TC007_invalidEmailFormatTest()[pri:0, instance:Website.ECommerce.Tests.LoginTests@36804139]" started-at="2026-07-23T01:29:03 PKT" name="TC007_invalidEmailFormatTest" finished-at="2026-07-23T01:29:04 PKT" duration-ms="597" status="PASS">
          <reporter-output>
          </reporter-output>
        </test-method> <!-- TC007_invalidEmailFormatTest -->
        <test-method is-config="true" signature="TearDown()[pri:0, instance:Website.ECommerce.Tests.LoginTests@36804139]" started-at="2026-07-23T01:29:04 PKT" name="TearDown" finished-at="2026-07-23T01:29:04 PKT" duration-ms="292" status="PASS">
          <reporter-output>
          </reporter-output>
        </test-method> <!-- TearDown -->
      </class> <!-- Website.ECommerce.Tests.LoginTests -->
    </test> <!-- Login Regression -->
  </suite> <!-- Suite -->
</testng-results>
