<?xml version="1.0" encoding="UTF-8"?>
<testng-results ignored="0" total="1" passed="1" failed="0" skipped="0">
  <reporter-output>
  </reporter-output>
  <suite started-at="2026-06-30T22:50:03 PKT" name="Default suite" finished-at="2026-06-30T22:50:03 PKT" duration-ms="91">
    <groups>
    </groups>
    <test started-at="2026-06-30T22:50:03 PKT" name="Default test" finished-at="2026-06-30T22:50:03 PKT" duration-ms="91">
      <class name="OOP.child">
        <test-method signature="childMethod()[pri:0, instance:OOP.child@79e2c065]" started-at="2026-06-30T22:50:03 PKT" name="childMethod" finished-at="2026-06-30T22:50:03 PKT" duration-ms="19" status="PASS">
          <reporter-output>
          </reporter-output>
        </test-method> <!-- childMethod -->
      </class> <!-- OOP.child -->
    </test> <!-- Default test -->
  </suite> <!-- Default suite -->
</testng-results>
