<?xml version="1.0" encoding="UTF-8"?>
<!-- Generated by org.testng.reporters.JUnitReportReporter -->
<testsuite hostname="DESKTOP-U7C1EU2" failures="0" tests="4" name="TestNG.day2" time="0.040" errors="0" timestamp="2026-06-30T22:26:17 PKT" skipped="0">
  <testcase classname="TestNG.day2" name="test6" time="0.008"/>
  <testcase classname="TestNG.day2" name="test4" time="0.014"/>
  <testcase classname="TestNG.day2" name="test6" time="0.006"/>
  <testcase classname="TestNG.day2" name="test6" time="0.012"/>
</testsuite> <!-- TestNG.day2 -->
