<?xml version="1.0" encoding="UTF-8"?>
<!-- Generated by org.testng.reporters.JUnitXMLReporter -->
<testsuite ignored="1" hostname="DESKTOP-U7C1EU2" failures="0" tests="5" name="Test" time="0.106" errors="0" timestamp="2026-06-28T19:35:36 PKT">
  <testcase classname="TestNG.day2" name="test4" time="0.014"/>
  <testcase classname="TestNG.day2" name="test5" time="0.004"/>
  <testcase classname="TestNG.day2" name="test6" time="0.005"/>
  <testcase classname="TestNG.day1" name="test1" time="0.005"/>
  <testcase classname="TestNG.day1" name="test3" time="0.004"/>
  <testcase classname="TestNG.day1" name="test2" time="0.0">
    <ignored/>
  </testcase> <!-- test2 -->
</testsuite> <!-- Test -->
