<?xml version="1.0" encoding="UTF-8"?>
<!-- Generated by org.testng.reporters.JUnitXMLReporter -->
<testsuite ignored="4" hostname="DESKTOP-U7C1EU2" failures="0" tests="4" name="Default test" time="19.078" errors="0" timestamp="2026-07-12T16:33:30 PKT">
  <testcase classname="RegressionSuite.ECommerce_TestNG.Tests.LoginTests" name="LoginWithValidCredentials" time="0.679"/>
  <testcase classname="RegressionSuite.ECommerce_TestNG.Tests.AddProductToCart" name="AddProducts" time="8.957"/>
  <testcase classname="RegressionSuite.ECommerce_TestNG.Tests.VerifyOrders" name="GoToOrders" time="0.185"/>
  <testcase classname="RegressionSuite.ECommerce_TestNG.Tests.VerifyOrders" name="VerifyOrder" time="0.29"/>
  <testcase classname="RegressionSuite.ECommerce_TestNG.TestComponents.BaseTest" name="@BeforeTest LaunchApplication" time="0.0">
    <ignored/>
  </testcase> <!-- @BeforeTest LaunchApplication -->
  <testcase classname="RegressionSuite.ECommerce_TestNG.TestComponents.BaseTest" name="@AfterTest TearDown" time="0.0">
    <ignored/>
  </testcase> <!-- @AfterTest TearDown -->
  <testcase classname="RegressionSuite.ECommerce_TestNG.TestComponents.BaseTest" name="@BeforeTest LaunchApplication" time="0.0">
    <ignored/>
  </testcase> <!-- @BeforeTest LaunchApplication -->
  <testcase classname="RegressionSuite.ECommerce_TestNG.TestComponents.BaseTest" name="@AfterTest TearDown" time="0.0">
    <ignored/>
  </testcase> <!-- @AfterTest TearDown -->
</testsuite> <!-- Default test -->
