<?xml version="1.0" encoding="UTF-8"?>
<!-- Generated by org.testng.reporters.JUnitReportReporter -->
<testsuite hostname="DESKTOP-U7C1EU2" failures="0" tests="2" name="Website.ECommerce.Tests.TestRun" time="80.939" errors="0" timestamp="2026-07-20T14:24:51 PKT" skipped="0">
  <testcase classname="Website.ECommerce.Tests.TestRun" name="PurchaseOrder" time="16.433"/>
  <testcase classname="Website.ECommerce.Tests.TestRun" name="PurchaseOrder" time="64.506"/>
</testsuite> <!-- Website.ECommerce.Tests.TestRun -->
