<?xml version="1.0" encoding="UTF-8"?>
<!-- Generated by org.testng.reporters.JUnitReportReporter -->
<testsuite hostname="DESKTOP-U7C1EU2" failures="0" tests="2" name="Website.ECommerce.Tests.VerifyOrders" time="0.397" errors="0" timestamp="2026-07-12T15:28:26 PKT" skipped="0">
  <testcase classname="Website.ECommerce.Tests.VerifyOrders" name="GoToOrders" time="0.159"/>
  <testcase classname="Website.ECommerce.Tests.VerifyOrders" name="VerifyOrder" time="0.238"/>
</testsuite> <!-- Website.ECommerce.Tests.VerifyOrders -->
