<?xml version="1.0" encoding="UTF-8"?>
<!-- Generated by org.testng.reporters.JUnitReportReporter -->
<testsuite hostname="DESKTOP-U7C1EU2" failures="0" tests="2" name="Website.ECommerce.Tests.TestRun" time="56.863" errors="0" timestamp="2026-07-15T22:37:39 PKT" skipped="0">
  <testcase classname="Website.ECommerce.Tests.TestRun" name="PurchaseOrder" time="26.019"/>
  <testcase classname="Website.ECommerce.Tests.TestRun" name="PurchaseOrder" time="30.844"/>
</testsuite> <!-- Website.ECommerce.Tests.TestRun -->
