<?xml version="1.0" encoding="UTF-8"?>
<!-- Generated by org.testng.reporters.JUnitReportReporter -->
<testsuite hostname="DESKTOP-U7C1EU2" failures="0" tests="2" name="RegressionSuite.ECommerce_TestNG.Tests.VerifyOrders" time="0.475" errors="0" timestamp="2026-07-12T16:33:31 PKT" skipped="0">
  <testcase classname="RegressionSuite.ECommerce_TestNG.Tests.VerifyOrders" name="VerifyOrder" time="0.290"/>
  <testcase classname="RegressionSuite.ECommerce_TestNG.Tests.VerifyOrders" name="GoToOrders" time="0.185"/>
</testsuite> <!-- RegressionSuite.ECommerce_TestNG.Tests.VerifyOrders -->
