<?xml version="1.0" encoding="UTF-8"?>
<!-- Generated by org.testng.reporters.JUnitXMLReporter -->
<testsuite ignored="2" hostname="DESKTOP-U7C1EU2" failures="0" tests="3" name="Check Validation Test" time="17.262" errors="0" timestamp="2026-07-14T21:18:25 PKT">
  <testcase classname="Website.ECommerce.Tests.checkValidations" name="LoginWithWrongPassword" time="0.875"/>
  <testcase classname="Website.ECommerce.Tests.checkValidations" name="LoginWithWrongPassword" time="0.995"/>
  <testcase classname="Website.ECommerce.Tests.checkValidations" name="LoginWithWrongPassword" time="0.725"/>
  <testcase classname="Website.ECommerce.Tests.checkValidations" name="SubmitOrder" time="0.0">
    <ignored/>
  </testcase> <!-- SubmitOrder -->
  <testcase classname="Website.ECommerce.Tests.checkValidations" name="VerifyOrder" time="0.0">
    <ignored/>
  </testcase> <!-- VerifyOrder -->
</testsuite> <!-- Check Validation Test -->
