<?xml version="1.0" encoding="UTF-8"?>
<!-- Generated by org.testng.reporters.JUnitXMLReporter -->
<testsuite ignored="0" hostname="DESKTOP-U7C1EU2" failures="0" tests="6" name="Login Regression" time="35.894" errors="0" timestamp="2026-07-23T01:29:05 PKT">
  <testcase classname="Website.ECommerce.Tests.LoginTests" name="TC001_loginWithInCorrectEmail" time="0.97"/>
  <testcase classname="Website.ECommerce.Tests.LoginTests" name="TC002_loginWithInCorrectPassword" time="0.872"/>
  <testcase classname="Website.ECommerce.Tests.LoginTests" name="TC003_invalidCredentialsTest" time="1.002"/>
  <testcase classname="Website.ECommerce.Tests.LoginTests" name="TC005_emptyPasswordTest" time="0.548"/>
  <testcase classname="Website.ECommerce.Tests.LoginTests" name="TC006_emptyFieldsTest" time="0.588"/>
  <testcase classname="Website.ECommerce.Tests.LoginTests" name="TC007_invalidEmailFormatTest" time="0.597"/>
</testsuite> <!-- Login Regression -->
