<?xml version="1.0" encoding="UTF-8"?>
<!-- Generated by org.testng.reporters.JUnitXMLReporter -->
<testsuite ignored="3" hostname="DESKTOP-U7C1EU2" failures="0" tests="1" name="Test" time="9.184" errors="0" timestamp="2026-07-12T18:45:14 PKT">
  <testcase classname="Website.ECommerce.Tests.checkValidations" name="LoginWithWrongPasswordk" time="1.316"/>
  <testcase classname="Website.ECommerce.Tests.checkValidations" name="SubmitOrder" time="0.0">
    <ignored/>
  </testcase> <!-- SubmitOrder -->
  <testcase classname="Website.ECommerce.Tests.TestRun" name="SubmitOrder" time="0.0">
    <ignored/>
  </testcase> <!-- SubmitOrder -->
  <testcase classname="Website.ECommerce.Tests.checkValidations" name="VerifyOrder" time="0.0">
    <ignored/>
  </testcase> <!-- VerifyOrder -->
</testsuite> <!-- Test -->
