<?xml version="1.0" encoding="UTF-8"?>
<!-- Generated by org.testng.reporters.JUnitXMLReporter -->
<testsuite ignored="0" hostname="DESKTOP-U7C1EU2" failures="1" tests="4" name="Validation Check Test" time="51.47" errors="0" timestamp="2026-07-20T14:24:51 PKT">
  <testcase classname="Website.ECommerce.Tests.checkValidations" name="SubmitOrder" time="20.242"/>
  <testcase classname="Website.ECommerce.Tests.checkValidations" name="LoginWithWrongPassword" time="0.815">
    <skipped/>
  </testcase> <!-- LoginWithWrongPassword -->
  <testcase classname="Website.ECommerce.Tests.checkValidations" name="LoginWithWrongPassword" time="0.877">
    <failure type="java.lang.AssertionError" message="expected [Incorrect email password.] but found [Incorrect email or password.]">
      <![CDATA[java.lang.AssertionError: expected [Incorrect email password.] but found [Incorrect email or password.]
at Website.ECommerce.Tests.checkValidations.LoginWithWrongPassword(checkValidations.java:33)
at java.base/java.util.ArrayList.forEach(ArrayList.java:1596)
... Removed 31 stack frames]]>
    </failure>
  </testcase> <!-- LoginWithWrongPassword -->
  <testcase classname="Website.ECommerce.Tests.checkValidations" name="VerifyOrder" time="2.348"/>
</testsuite> <!-- Validation Check Test -->
