<?xml version="1.0" encoding="UTF-8"?>
<!-- Generated by org.testng.reporters.JUnitXMLReporter -->
<testsuite ignored="0" hostname="DESKTOP-U7C1EU2" failures="2" tests="3" name="Validation Check Test" time="42.276" errors="0" timestamp="2026-07-15T22:37:38 PKT">
  <testcase classname="Website.ECommerce.Tests.checkValidations" name="SubmitOrder" time="23.192">
    <failure type="org.openqa.selenium.TimeoutException" message="Expected condition failed: waiting for visibility of element found by By.cssSelector: #toast-container
(tried for 10 seconds with 500 milliseconds interval)
Build info: version: &amp;apos;4.45.0&amp;apos;, revision: &amp;apos;cd6a3cd cd6a3cdfca6970f62e5bc8344109d0fe0e2af05e&amp;apos;
System info: os.name: &amp;apos;Windows 10&amp;apos;, os.arch: &amp;apos;amd64&amp;apos;, os.version: &amp;apos;10.0&amp;apos;, java.version: &amp;apos;21.0.10&amp;apos;
Driver info: org.openqa.selenium.chrome.ChromeDriver
Capabilities {acceptInsecureCerts: false, browserName: chrome, browserVersion: 150.0.7871.115, chrome: {chromedriverVersion: 150.0.7871.124 (9261fd0a595..., userDataDir: C:\Users\tayya\AppData\Loca...}, fedcm:accounts: true, goog:chromeOptions: {debuggerAddress: localhost:57814}, goog:processID: 15116, networkConnectionEnabled: false, pageLoadStrategy: normal, platformName: windows, proxy: Proxy(), se:cdp: ws://localhost:57814/devtoo..., se:cdpVersion: 150.0.7871.115, setWindowRect: true, strictFileInteractability: false, timeouts: {implicit: 0, pageLoad: 300000, script: 30000}, unhandledPromptBehavior: dismiss and notify, webauthn:extension:credBlob: true, webauthn:extension:largeBlob: true, webauthn:extension:minPinLength: true, webauthn:extension:prf: true, webauthn:virtualAuthenticators: true}
Session ID: 8766fa3ae36560d6fac4c83b78ffd7fb">
      <![CDATA[org.openqa.selenium.TimeoutException: Expected condition failed: waiting for visibility of element found by By.cssSelector: #toast-container
(tried for 10 seconds with 500 milliseconds interval)
Build info: version: '4.45.0', revision: 'cd6a3cd cd6a3cdfca6970f62e5bc8344109d0fe0e2af05e'
System info: os.name: 'Windows 10', os.arch: 'amd64', os.version: '10.0', java.version: '21.0.10'
Driver info: org.openqa.selenium.chrome.ChromeDriver
Capabilities {acceptInsecureCerts: false, browserName: chrome, browserVersion: 150.0.7871.115, chrome: {chromedriverVersion: 150.0.7871.124 (9261fd0a595..., userDataDir: C:\Users\tayya\AppData\Loca...}, fedcm:accounts: true, goog:chromeOptions: {debuggerAddress: localhost:57814}, goog:processID: 15116, networkConnectionEnabled: false, pageLoadStrategy: normal, platformName: windows, proxy: Proxy(), se:cdp: ws://localhost:57814/devtoo..., se:cdpVersion: 150.0.7871.115, setWindowRect: true, strictFileInteractability: false, timeouts: {implicit: 0, pageLoad: 300000, script: 30000}, unhandledPromptBehavior: dismiss and notify, webauthn:extension:credBlob: true, webauthn:extension:largeBlob: true, webauthn:extension:minPinLength: true, webauthn:extension:prf: true, webauthn:virtualAuthenticators: true}
Session ID: 8766fa3ae36560d6fac4c83b78ffd7fb
at org.openqa.selenium.support.ui.WebDriverWait.timeoutException(WebDriverWait.java:85)
at org.openqa.selenium.support.ui.FluentWait.until(FluentWait.java:234)
at Website.ECommerce.AbstractComponents.abstractComponent.waitForElementToAppear(abstractComponent.java:35)
at Website.ECommerce.PageObjects.ProductCatalogue.lambda$1(ProductCatalogue.java:53)
at java.base/java.util.ArrayList.forEach(ArrayList.java:1596)
at Website.ECommerce.PageObjects.ProductCatalogue.addProductToCart(ProductCatalogue.java:50)
at Website.ECommerce.Tests.checkValidations.SubmitOrder(checkValidations.java:42)
at java.base/java.util.ArrayList.forEach(ArrayList.java:1596)
... Removed 25 stack frames]]>
    </failure>
  </testcase> <!-- SubmitOrder -->
  <testcase classname="Website.ECommerce.Tests.checkValidations" name="LoginWithWrongPassword" time="2.603">
    <failure type="java.lang.AssertionError" message="expected [Incorrect email password.] but found [Incorrect email or password.]">
      <![CDATA[java.lang.AssertionError: expected [Incorrect email password.] but found [Incorrect email or password.]
at Website.ECommerce.Tests.checkValidations.LoginWithWrongPassword(checkValidations.java:30)
at java.base/java.util.ArrayList.forEach(ArrayList.java:1596)
... Removed 31 stack frames]]>
    </failure>
  </testcase> <!-- LoginWithWrongPassword -->
  <testcase classname="Website.ECommerce.Tests.checkValidations" name="VerifyOrder" time="0.001">
    <skipped/>
  </testcase> <!-- VerifyOrder -->
</testsuite> <!-- Validation Check Test -->
