<?xml version="1.0" encoding="UTF-8"?>
<!-- Generated by org.testng.reporters.JUnitXMLReporter -->
<testsuite ignored="4" hostname="DESKTOP-U7C1EU2" failures="0" tests="4" name="Verify Order Test" time="18.978" errors="0" timestamp="2026-07-12T15:28:16 PKT">
  <testcase classname="Website.ECommerce.Tests.LoginTest" name="LoginWithValidCredentials" time="0.598"/>
  <testcase classname="Website.ECommerce.Tests.AddProductToCart" name="AddProducts" time="8.797"/>
  <testcase classname="Website.ECommerce.Tests.VerifyOrders" name="GoToOrders" time="0.159"/>
  <testcase classname="Website.ECommerce.Tests.VerifyOrders" name="VerifyOrder" time="0.238"/>
  <testcase classname="Website.ECommerce.TestComponents.BaseTest" name="@AfterTest TearDown" time="0.0">
    <ignored/>
  </testcase> <!-- @AfterTest TearDown -->
  <testcase classname="Website.ECommerce.TestComponents.BaseTest" name="@AfterTest TearDown" time="0.0">
    <ignored/>
  </testcase> <!-- @AfterTest TearDown -->
  <testcase classname="Website.ECommerce.TestComponents.BaseTest" name="@BeforeTest LaunchApplication" time="0.0">
    <ignored/>
  </testcase> <!-- @BeforeTest LaunchApplication -->
  <testcase classname="Website.ECommerce.TestComponents.BaseTest" name="@BeforeTest LaunchApplication" time="0.0">
    <ignored/>
  </testcase> <!-- @BeforeTest LaunchApplication -->
</testsuite> <!-- Verify Order Test -->
