<?xml version="1.0" encoding="UTF-8"?>
<testng-results ignored="0" total="4" passed="4" failed="0" skipped="0">
  <reporter-output>
  </reporter-output>
  <suite started-at="2026-07-12T16:33:11 PKT" name="Default suite" finished-at="2026-07-12T16:33:30 PKT" duration-ms="19078">
    <groups>
    </groups>
    <test started-at="2026-07-12T16:33:11 PKT" name="Default test" finished-at="2026-07-12T16:33:30 PKT" duration-ms="19078">
      <class name="RegressionSuite.ECommerce_TestNG.Tests.LoginTests">
        <test-method is-config="true" signature="LaunchApplication()[pri:0, instance:RegressionSuite.ECommerce_TestNG.Tests.LoginTests@22ff4249]" started-at="2026-07-12T16:33:11 PKT" name="LaunchApplication" finished-at="2026-07-12T16:33:19 PKT" duration-ms="8331" status="PASS">
          <reporter-output>
          </reporter-output>
        </test-method> <!-- LaunchApplication -->
        <test-method signature="LoginWithValidCredentials()[pri:0, instance:RegressionSuite.ECommerce_TestNG.Tests.LoginTests@22ff4249]" started-at="2026-07-12T16:33:20 PKT" name="LoginWithValidCredentials" finished-at="2026-07-12T16:33:20 PKT" duration-ms="679" status="PASS">
          <reporter-output>
          </reporter-output>
        </test-method> <!-- LoginWithValidCredentials -->
        <test-method is-config="true" signature="TearDown()[pri:0, instance:RegressionSuite.ECommerce_TestNG.Tests.LoginTests@22ff4249]" started-at="2026-07-12T16:33:30 PKT" name="TearDown" finished-at="2026-07-12T16:33:30 PKT" duration-ms="385" status="PASS">
          <reporter-output>
          </reporter-output>
        </test-method> <!-- TearDown -->
      </class> <!-- RegressionSuite.ECommerce_TestNG.Tests.LoginTests -->
      <class name="RegressionSuite.ECommerce_TestNG.Tests.VerifyOrders">
        <test-method signature="GoToOrders()[pri:0, instance:RegressionSuite.ECommerce_TestNG.Tests.VerifyOrders@3b69e7d1]" started-at="2026-07-12T16:33:29 PKT" name="GoToOrders" finished-at="2026-07-12T16:33:29 PKT" depends-on-methods="RegressionSuite.ECommerce_TestNG.Tests.AddProductToCart.AddProducts" duration-ms="185" status="PASS">
          <reporter-output>
          </reporter-output>
        </test-method> <!-- GoToOrders -->
        <test-method signature="VerifyOrder()[pri:0, instance:RegressionSuite.ECommerce_TestNG.Tests.VerifyOrders@3b69e7d1]" started-at="2026-07-12T16:33:29 PKT" name="VerifyOrder" finished-at="2026-07-12T16:33:30 PKT" depends-on-methods="RegressionSuite.ECommerce_TestNG.Tests.VerifyOrders.GoToOrders" duration-ms="290" status="PASS">
          <reporter-output>
          </reporter-output>
        </test-method> <!-- VerifyOrder -->
      </class> <!-- RegressionSuite.ECommerce_TestNG.Tests.VerifyOrders -->
      <class name="RegressionSuite.ECommerce_TestNG.Tests.AddProductToCart">
        <test-method signature="AddProducts()[pri:0, instance:RegressionSuite.ECommerce_TestNG.Tests.AddProductToCart@815b41f]" started-at="2026-07-12T16:33:20 PKT" name="AddProducts" finished-at="2026-07-12T16:33:29 PKT" depends-on-methods="RegressionSuite.ECommerce_TestNG.Tests.LoginTests.LoginWithValidCredentials" duration-ms="8957" status="PASS">
          <reporter-output>
          </reporter-output>
        </test-method> <!-- AddProducts -->
      </class> <!-- RegressionSuite.ECommerce_TestNG.Tests.AddProductToCart -->
    </test> <!-- Default test -->
  </suite> <!-- Default suite -->
</testng-results>
