<?xml version="1.0" encoding="UTF-8"?>
<testng-results ignored="0" total="1" passed="1" failed="0" skipped="0">
  <reporter-output>
  </reporter-output>
  <suite started-at="2026-06-28T03:05:23 PKT" name="Default suite" finished-at="2026-06-28T03:05:30 PKT" duration-ms="6846">
    <groups>
    </groups>
    <test started-at="2026-06-28T03:05:23 PKT" name="Default test" finished-at="2026-06-28T03:05:30 PKT" duration-ms="6846">
      <class name="Section13_Java_Streams.S1_column_sorting">
        <test-method signature="sortingColumn()[pri:0, instance:Section13_Java_Streams.S1_column_sorting@4c583ecf]" started-at="2026-06-28T03:05:23 PKT" name="sortingColumn" finished-at="2026-06-28T03:05:30 PKT" duration-ms="6785" status="PASS">
          <reporter-output>
          </reporter-output>
        </test-method> <!-- sortingColumn -->
      </class> <!-- Section13_Java_Streams.S1_column_sorting -->
    </test> <!-- Default test -->
  </suite> <!-- Default suite -->
</testng-results>
