<?xml version="1.0" encoding="UTF-8"?>
<!-- Generated by org.testng.reporters.JUnitXMLReporter -->
<testsuite ignored="3" hostname="DESKTOP-U7C1EU2" failures="0" tests="5" name="Test" time="0.194" errors="0" timestamp="2026-06-30T22:26:17 PKT">
  <testcase classname="TestNG.day2" name="test4" time="0.014"/>
  <testcase classname="TestNG.day2" name="test6" time="0.012"/>
  <testcase classname="TestNG.day2" name="test6" time="0.008"/>
  <testcase classname="TestNG.day2" name="test6" time="0.006"/>
  <testcase classname="TestNG.day1" name="test1" time="0.017"/>
  <testcase classname="TestNG.day2" name="test5" time="0.0">
    <ignored/>
  </testcase> <!-- test5 -->
  <testcase classname="TestNG.day1" name="test2" time="0.0">
    <ignored/>
  </testcase> <!-- test2 -->
  <testcase classname="TestNG.day1" name="test3" time="0.0">
    <ignored/>
  </testcase> <!-- test3 -->
</testsuite> <!-- Test -->
